2025-02-04 11:30:10,972 - restful_booker - INFO - Created booking: {'bookingid': 4636, 'booking': {'firstname': 'test1', 'lastname': '1', 'totalprice': 500, 'depositpaid': True, 'bookingdates': {'checkin': '2023-01-01', 'checkout': '2023-01-02'}, 'additionalneeds': 'Lunch'}}
2025-02-04 11:30:12,143 - restful_booker - INFO - Created booking: {'bookingid': 4643, 'booking': {'firstname': 'test2', 'lastname': '2', 'totalprice': 1000, 'depositpaid': False, 'bookingdates': {'checkin': '2023-01-01', 'checkout': '2023-01-02'}, 'additionalneeds': ''}}
2025-02-04 11:30:13,328 - restful_booker - INFO - Created booking: {'bookingid': 4653, 'booking': {'firstname': 'test3', 'lastname': '3', 'totalprice': 1500, 'depositpaid': True, 'bookingdates': {'checkin': '2023-01-01', 'checkout': '2023-01-02'}, 'additionalneeds': 'Dinner'}}
2025-02-04 11:33:00,667 - restful_booker - INFO - Created booking: {'bookingid': 555, 'booking': {'firstname': 'test1', 'lastname': '1', 'totalprice': 500, 'depositpaid': True, 'bookingdates': {'checkin': '2023-01-01', 'checkout': '2023-01-02'}, 'additionalneeds': 'Lunch'}}
2025-02-04 11:33:01,712 - restful_booker - INFO - Created booking: {'bookingid': 561, 'booking': {'firstname': 'test2', 'lastname': '2', 'totalprice': 1000, 'depositpaid': False, 'bookingdates': {'checkin': '2023-01-01', 'checkout': '2023-01-02'}, 'additionalneeds': ''}}
2025-02-04 11:33:02,805 - restful_booker - INFO - Created booking: {'bookingid': 573, 'booking': {'firstname': 'test3', 'lastname': '3', 'totalprice': 1500, 'depositpaid': True, 'bookingdates': {'checkin': '2023-01-01', 'checkout': '2023-01-02'}, 'additionalneeds': 'Dinner'}}
2025-02-04 11:33:05,362 - restful_booker - INFO - Deleted booking 555: Status 201
2025-02-04 11:34:52,576 - restful_booker - INFO - Created booking: {'bookingid': 1522, 'booking': {'firstname': 'test1', 'lastname': '1', 'totalprice': 500, 'depositpaid': True, 'bookingdates': {'checkin': '2023-01-01', 'checkout': '2023-01-02'}, 'additionalneeds': 'Lunch'}}
2025-02-04 11:34:53,805 - restful_booker - INFO - Created booking: {'bookingid': 1537, 'booking': {'firstname': 'test2', 'lastname': '2', 'totalprice': 1000, 'depositpaid': False, 'bookingdates': {'checkin': '2023-01-01', 'checkout': '2023-01-02'}, 'additionalneeds': ''}}
2025-02-04 11:34:54,976 - restful_booker - INFO - Created booking: {'bookingid': 1549, 'booking': {'firstname': 'test3', 'lastname': '3', 'totalprice': 1500, 'depositpaid': True, 'bookingdates': {'checkin': '2023-01-01', 'checkout': '2023-01-02'}, 'additionalneeds': 'Dinner'}}
2025-02-04 11:34:56,161 - restful_booker - INFO - Updated booking 1522: {'firstname': 'test1', 'lastname': '1', 'totalprice': 1000, 'depositpaid': True, 'bookingdates': {'checkin': '2023-01-01', 'checkout': '2023-01-02'}, 'additionalneeds': 'Lunch'}
2025-02-04 11:34:57,389 - restful_booker - INFO - Updated booking 1537: {'firstname': 'test2', 'lastname': '2', 'totalprice': 1500, 'depositpaid': False, 'bookingdates': {'checkin': '2023-01-01', 'checkout': '2023-01-02'}, 'additionalneeds': ''}
2025-02-04 11:34:58,554 - restful_booker - INFO - Deleted booking 1522: Status 201
2025-02-04 11:47:02,073 - restful_booker - INFO - Created booking: {'bookingid': 3191, 'booking': {'firstname': 'test1', 'lastname': '1', 'totalprice': 500, 'depositpaid': True, 'bookingdates': {'checkin': '2023-01-01', 'checkout': '2023-01-02'}, 'additionalneeds': 'Lunch'}}
2025-02-04 11:47:03,253 - restful_booker - INFO - Created booking: {'bookingid': 3202, 'booking': {'firstname': 'test2', 'lastname': '2', 'totalprice': 1000, 'depositpaid': False, 'bookingdates': {'checkin': '2023-01-01', 'checkout': '2023-01-02'}, 'additionalneeds': ''}}
2025-02-04 11:47:04,324 - restful_booker - INFO - Created booking: {'bookingid': 3216, 'booking': {'firstname': 'test3', 'lastname': '3', 'totalprice': 1500, 'depositpaid': True, 'bookingdates': {'checkin': '2023-01-01', 'checkout': '2023-01-02'}, 'additionalneeds': 'Dinner'}}
2025-02-04 11:47:04,328 - restful_booker - INFO - All booking IDs: [3191, 3202, 3216]
2025-02-04 11:47:05,561 - restful_booker - INFO - Updated booking 3191: {'firstname': 'test1', 'lastname': '1', 'totalprice': 1000, 'depositpaid': True, 'bookingdates': {'checkin': '2023-01-01', 'checkout': '2023-01-02'}, 'additionalneeds': 'Lunch'}
2025-02-04 11:47:06,686 - restful_booker - INFO - Updated booking 3202: {'firstname': 'test2', 'lastname': '2', 'totalprice': 1500, 'depositpaid': False, 'bookingdates': {'checkin': '2023-01-01', 'checkout': '2023-01-02'}, 'additionalneeds': ''}
2025-02-04 11:47:07,918 - restful_booker - INFO - Deleted booking 3191: Status 201
